Unable to capture context for thread 4556 in process 15540, can not generate back trace
Unable to capture context for thread 1760 in process 15540, can not generate back trace
Unable to capture context for thread 6704 in process 15540, can not generate back trace
Exception at PC 0x00007FFBBF19BB93
Printing stacktrace...

Exception at PC 0x00007FFC551B831A
Unable to capture context for thread 7156 in process 15540, can not generate back trace
Unable to capture context for thread 6124 in process 15540, can not generate back trace
Unable to capture context for thread 2588 in process 15540, can not generate back trace
Exception at PC 0x00007FFC551B831A
Exception at PC 0x00007FFC551B831A
Exception at PC 0x00007FFC551B831A
Exception at PC 0x00007FFC551B831A
Exception at PC 0x00007FFC551B831A
Exception at PC 0x00007FFC551B831A
[0]  [0x00007FFBBF19BB93]
[1]  [0x00007FFBBF19BB93]
[2]  [0x00007FFBBF19B4A1]
[3]  [0x00007FFBBF19B459]
[4]  [0x00007FFBBF1819FE]
[5]  [0x00007FFBBF180ED1]
[6]  [0x00007FFBBF180D76]
[7]  [0x00007FFBBF1279F6]
[8]  [0x00007FFBBF117AFB]
[9]  [0x00007FFBBF23E90A]
[10]  [0x00007FFBBF259F87]
[11]  [0x00007FFBBF25A05F]
[12] (BaseThreadInitThunk+0x17) [0x00007FFC5699DBE7]
[13] (RtlUserThreadStart+0x2c) [0x00007FFC57BDFBEC]
Done
Exception at PC 0x00007FFC551B831A
Exception at PC 0x00007FFC551B831A
Exception at PC 0x00007FFC551B831A
Exception at PC 0x00007FFC551B831A
Exception at PC 0x00007FFC551B831A
Exception at PC 0x00007FFC551B831A
Exception at PC 0x00007FFC551B831A
Exception at PC 0x00007FFC551B831A
Exception at PC 0x00007FFC551B831A
Exception at PC 0x00007FFC551B831A
